Arguments: 
  /Users/eriboc/.nvm/versions/node/v11.15.0/bin/node /usr/local/Cellar/yarn/1.22.10/libexec/bin/yarn.js

PATH: 
  /Users/eriboc/.sdkman/candidates/java/current/bin:/usr/local/opt/openjdk@11/bin:/usr/local/opt/openjdk@11/bin:/Users/eriboc/.nvm/versions/node/v11.15.0/bin:/Users/eriboc/.cargo/bin:/Users/eriboc/bin:/usr/local/bin:/usr/local/bin:/usr/bin:/bin:/usr/sbin:/sbin:/usr/local/share/dotnet:~/.dotnet/tools:/Library/Frameworks/Mono.framework/Versions/Current/Commands:/Users/eriboc/repos/microfrontend/node_modules/.bin

Yarn version: 
  1.22.10

Node version: 
  11.15.0

Platform: 
  darwin x64

Trace: 
  Error: https://registry.yarnpkg.com/tele2-core-styles: Not found
      at Request.params.callback [as _callback] (/usr/local/Cellar/yarn/1.22.10/libexec/lib/cli.js:66988:18)
      at Request.self.callback (/usr/local/Cellar/yarn/1.22.10/libexec/lib/cli.js:140749:22)
      at Request.emit (events.js:193:13)
      at Request.<anonymous> (/usr/local/Cellar/yarn/1.22.10/libexec/lib/cli.js:141721:10)
      at Request.emit (events.js:193:13)
      at IncomingMessage.<anonymous> (/usr/local/Cellar/yarn/1.22.10/libexec/lib/cli.js:141643:12)
      at Object.onceWrapper (events.js:281:20)
      at IncomingMessage.emit (events.js:198:15)
      at endReadableNT (_stream_readable.js:1139:12)
      at processTicksAndRejections (internal/process/task_queues.js:81:17)

npm manifest: 
  {
    "name": "one-ui-core",
    "version": "1.0.0",
    "main": "index.js",
    "author": "bo.sandevind@gmail.com",
    "license": "MIT",
    "private": true,
    "workspaces": [
      "packages/*"
    ],
    "scripts": {
      "storybook": "start-storybook -p 6006",
      "build-storybook": "build-storybook",
      "test": "jest",
      "bootstrap": "lerna bootstrap",
      "build": "lerna run build --stream",
      "dev": "lerna run dev --stream",
      "serve": "node server"
    },
    "devDependencies": {
      "@babel/core": "^7.8.4",
      "@babel/plugin-proposal-class-properties": "^7.8.3",
      "@babel/plugin-proposal-optional-chaining": "^7.8.3",
      "@babel/plugin-proposal-pipeline-operator": "^7.8.3",
      "@babel/plugin-transform-object-assign": "^7.8.3",
      "@babel/preset-env": "^7.8.4",
      "@babel/preset-react": "^7.8.3",
      "@babel/preset-typescript": "7.12.16",
      "@purtuga/esm-webpack-plugin": "1.5.0",
      "@storybook/addon-actions": "^6.1.17",
      "@storybook/addon-info": "^5.3.17",
      "@storybook/addon-knobs": "6.1.17",
      "@storybook/addon-links": "^6.1.17",
      "@storybook/react": "^6.1.17",
      "@testing-library/dom": "^7.29.4",
      "@testing-library/jest-dom": "^5.11.9",
      "@testing-library/react": "^11.2.5",
      "@testing-library/react-hooks": "^5.0.3",
      "@typescript-eslint/eslint-plugin": "4.15.0",
      "@typescript-eslint/parser": "4.15.0",
      "babel-eslint": "10.1.0",
      "babel-jest": "26.6.3",
      "babel-loader": "^8.0.6",
      "css-loader": "5.0.2",
      "eslint": "7.19.0",
      "eslint-plugin-react": "7.22.0",
      "eslint-plugin-react-hooks": "4.2.0",
      "express": "^4.17.1",
      "html-webpack-plugin": "4",
      "jest": "26.6.3",
      "lerna": "^3.20.2",
      "lerna-update-wizard": "0.17.8",
      "less": "3.13.1",
      "less-loader": "7.3.0",
      "loader-utils": "latest",
      "path": "^0.12.7",
      "tele2-core-styles": "6.4.1",
      "to-string-loader": "^1.1.6",
      "ts-loader": "8.0.17",
      "typescript": "4.1.5",
      "webpack": "4.46.0",
      "webpack-cli": "4.5.0"
    },
    "dependencies": {
      "request": "2.88.2",
      "svg-url-loader": "7.1.1",
      "terser-webpack-plugin": "4.2.3",
      "webpack-bundle-analyzer": "4.4.0"
    }
  }

yarn manifest: 
  No manifest

Lockfile: 
  No lockfile
